{"/Users/biad/Documents/interview sequoia/backend/src/index.ts": {"path":"/Users/biad/Documents/interview sequoia/backend/src/index.ts","statementMap":{"0":{"start":{"line":4,"column":1},"end":{"line":4,"column":34}},"1":{"start":{"line":5,"column":1},"end":{"line":5,"column":31}},"2":{"start":{"line":6,"column":1},"end":{"line":6,"column":44}},"3":{"start":{"line":8,"column":1},"end":{"line":8,"column":17}},"4":{"start":{"line":13,"column":1},"end":{"line":15,"column":null}},"5":{"start":{"line":14,"column":4},"end":{"line":14,"column":20}},"6":{"start":{"line":17,"column":22},"end":{"line":17,"column":62}},"7":{"start":{"line":19,"column":13},"end":{"line":19,"column":22}},"8":{"start":{"line":23,"column":1},"end":{"line":23,"column":25}},"9":{"start":{"line":28,"column":0},"end":{"line":28,"column":30}},"10":{"start":{"line":29,"column":0},"end":{"line":31,"column":null}},"11":{"start":{"line":30,"column":4},"end":{"line":30,"column":null}},"12":{"start":{"line":35,"column":0},"end":{"line":35,"column":19}}},"fnMap":{"0":{"name":"(anonymous_7)","decl":{"start":{"line":29,"column":12},"end":{"line":29,"column":13}},"loc":{"start":{"line":29,"column":25},"end":{"line":31,"column":1}}}},"branchMap":{"0":{"loc":{"start":{"line":13,"column":1},"end":{"line":15,"column":null}},"type":"if","locations":[{"start":{"line":13,"column":1},"end":{"line":15,"column":null}}]}},"s":{"0":2,"1":2,"2":2,"3":2,"4":2,"5":0,"6":2,"7":2,"8":2,"9":2,"10":2,"11":1,"12":2},"f":{"0":1},"b":{"0":[0]}}
,"/Users/biad/Documents/interview sequoia/backend/src/url/url.controllers.ts": {"path":"/Users/biad/Documents/interview sequoia/backend/src/url/url.controllers.ts","statementMap":{"0":{"start":{"line":2,"column":0},"end":{"line":2,"column":47}},"1":{"start":{"line":4,"column":0},"end":{"line":4,"column":44}},"2":{"start":{"line":7,"column":4},"end":{"line":22,"column":null}},"3":{"start":{"line":8,"column":20},"end":{"line":8,"column":34}},"4":{"start":{"line":9,"column":23},"end":{"line":9,"column":52}},"5":{"start":{"line":11,"column":8},"end":{"line":17,"column":null}},"6":{"start":{"line":12,"column":10},"end":{"line":12,"column":26}},"7":{"start":{"line":13,"column":10},"end":{"line":13,"column":38}},"8":{"start":{"line":15,"column":10},"end":{"line":15,"column":26}},"9":{"start":{"line":16,"column":10},"end":{"line":16,"column":33}},"10":{"start":{"line":20,"column":6},"end":{"line":20,"column":22}},"11":{"start":{"line":21,"column":6},"end":{"line":21,"column":35}},"12":{"start":{"line":6,"column":0},"end":{"line":6,"column":22}},"13":{"start":{"line":26,"column":2},"end":{"line":35,"column":null}},"14":{"start":{"line":27,"column":28},"end":{"line":27,"column":36}},"15":{"start":{"line":28,"column":20},"end":{"line":28,"column":69}},"16":{"start":{"line":29,"column":6},"end":{"line":29,"column":22}},"17":{"start":{"line":30,"column":6},"end":{"line":30,"column":33}},"18":{"start":{"line":33,"column":4},"end":{"line":33,"column":null}},"19":{"start":{"line":34,"column":4},"end":{"line":34,"column":33}},"20":{"start":{"line":25,"column":0},"end":{"line":25,"column":22}}},"fnMap":{"0":{"name":"getLongDomainController","decl":{"start":{"line":6,"column":22},"end":{"line":6,"column":45}},"loc":{"start":{"line":6,"column":63},"end":{"line":23,"column":null}}},"1":{"name":"addShortDomainController","decl":{"start":{"line":25,"column":22},"end":{"line":25,"column":46}},"loc":{"start":{"line":25,"column":66},"end":{"line":36,"column":null}}}},"branchMap":{"0":{"loc":{"start":{"line":11,"column":8},"end":{"line":17,"column":null}},"type":"if","locations":[{"start":{"line":11,"column":8},"end":{"line":17,"column":null}},{"start":{"line":14,"column":15},"end":{"line":17,"column":null}}]}},"s":{"0":4,"1":4,"2":4,"3":4,"4":4,"5":4,"6":2,"7":2,"8":2,"9":2,"10":0,"11":0,"12":4,"13":3,"14":3,"15":3,"16":2,"17":2,"18":1,"19":1,"20":4},"f":{"0":4,"1":3},"b":{"0":[2,2]}}
,"/Users/biad/Documents/interview sequoia/backend/src/url/url.router.ts": {"path":"/Users/biad/Documents/interview sequoia/backend/src/url/url.router.ts","statementMap":{"0":{"start":{"line":5,"column":1},"end":{"line":5,"column":54}},"1":{"start":{"line":9,"column":0},"end":{"line":9,"column":84}},"2":{"start":{"line":15,"column":14},"end":{"line":15,"column":43}},"3":{"start":{"line":20,"column":1},"end":{"line":20,"column":48}},"4":{"start":{"line":22,"column":1},"end":{"line":22,"column":47}}},"fnMap":{},"branchMap":{},"s":{"0":2,"1":2,"2":2,"3":2,"4":2},"f":{},"b":{}}
,"/Users/biad/Documents/interview sequoia/backend/src/url/url.service.ts": {"path":"/Users/biad/Documents/interview sequoia/backend/src/url/url.service.ts","statementMap":{"0":{"start":{"line":6,"column":0},"end":{"line":6,"column":32}},"1":{"start":{"line":11,"column":33},"end":{"line":33,"column":null}},"2":{"start":{"line":11,"column":61},"end":{"line":33,"column":null}},"3":{"start":{"line":12,"column":22},"end":{"line":14,"column":28}},"4":{"start":{"line":16,"column":4},"end":{"line":31,"column":12}},"5":{"start":{"line":21,"column":12},"end":{"line":21,"column":32}},"6":{"start":{"line":25,"column":12},"end":{"line":29,"column":null}},"7":{"start":{"line":26,"column":16},"end":{"line":26,"column":null}},"8":{"start":{"line":28,"column":16},"end":{"line":28,"column":null}},"9":{"start":{"line":30,"column":12},"end":{"line":30,"column":37}},"10":{"start":{"line":32,"column":4},"end":{"line":32,"column":null}},"11":{"start":{"line":11,"column":13},"end":{"line":11,"column":33}},"12":{"start":{"line":34,"column":23},"end":{"line":47,"column":null}},"13":{"start":{"line":34,"column":65},"end":{"line":47,"column":null}},"14":{"start":{"line":35,"column":17},"end":{"line":35,"column":56}},"15":{"start":{"line":36,"column":4},"end":{"line":43,"column":null}},"16":{"start":{"line":38,"column":8},"end":{"line":38,"column":null}},"17":{"start":{"line":42,"column":8},"end":{"line":42,"column":27}},"18":{"start":{"line":46,"column":4},"end":{"line":46,"column":18}},"19":{"start":{"line":34,"column":13},"end":{"line":34,"column":23}}},"fnMap":{"0":{"name":"(anonymous_8)","decl":{"start":{"line":11,"column":33},"end":{"line":11,"column":40}},"loc":{"start":{"line":11,"column":61},"end":{"line":33,"column":null}}},"1":{"name":"(anonymous_9)","decl":{"start":{"line":11,"column":61},"end":{"line":11,"column":null}},"loc":{"start":{"line":11,"column":61},"end":{"line":33,"column":1}}},"2":{"name":"(anonymous_10)","decl":{"start":{"line":19,"column":15},"end":{"line":19,"column":16}},"loc":{"start":{"line":19,"column":23},"end":{"line":22,"column":10}}},"3":{"name":"(anonymous_11)","decl":{"start":{"line":23,"column":16},"end":{"line":23,"column":17}},"loc":{"start":{"line":23,"column":20},"end":{"line":31,"column":10}}},"4":{"name":"(anonymous_12)","decl":{"start":{"line":34,"column":23},"end":{"line":34,"column":30}},"loc":{"start":{"line":34,"column":65},"end":{"line":47,"column":null}}},"5":{"name":"(anonymous_13)","decl":{"start":{"line":34,"column":65},"end":{"line":34,"column":null}},"loc":{"start":{"line":34,"column":65},"end":{"line":47,"column":1}}},"6":{"name":"(anonymous_14)","decl":{"start":{"line":37,"column":10},"end":{"line":37,"column":13}},"loc":{"start":{"line":37,"column":16},"end":{"line":39,"column":5}}},"7":{"name":"(anonymous_15)","decl":{"start":{"line":40,"column":11},"end":{"line":40,"column":12}},"loc":{"start":{"line":40,"column":15},"end":{"line":43,"column":5}}}},"branchMap":{"0":{"loc":{"start":{"line":25,"column":12},"end":{"line":29,"column":null}},"type":"if","locations":[{"start":{"line":25,"column":12},"end":{"line":29,"column":null}},{"start":{"line":27,"column":17},"end":{"line":29,"column":null}}]}},"s":{"0":4,"1":4,"2":2,"3":2,"4":2,"5":1,"6":1,"7":1,"8":0,"9":1,"10":1,"11":4,"12":4,"13":2,"14":2,"15":2,"16":2,"17":0,"18":2,"19":4},"f":{"0":2,"1":2,"2":1,"3":1,"4":2,"5":2,"6":2,"7":0},"b":{"0":[1,0]}}
,"/Users/biad/Documents/interview sequoia/backend/src/utility/db.ts": {"path":"/Users/biad/Documents/interview sequoia/backend/src/utility/db.ts","statementMap":{"0":{"start":{"line":1,"column":0},"end":{"line":1,"column":24}},"1":{"start":{"line":3,"column":13},"end":{"line":10,"column":2}},"2":{"start":{"line":12,"column":0},"end":{"line":12,"column":20}}},"fnMap":{},"branchMap":{},"s":{"0":4,"1":4,"2":4},"f":{},"b":{}}
,"/Users/biad/Documents/interview sequoia/backend/src/utility/error.ts": {"path":"/Users/biad/Documents/interview sequoia/backend/src/utility/error.ts","statementMap":{"0":{"start":{"line":2,"column":4},"end":{"line":2,"column":null}},"1":{"start":{"line":2,"column":32},"end":{"line":2,"column":null}},"2":{"start":{"line":3,"column":4},"end":{"line":3,"column":null}},"3":{"start":{"line":5,"column":0},"end":{"line":5,"column":31}}},"fnMap":{"0":{"name":"getErrorMessage","decl":{"start":{"line":1,"column":9},"end":{"line":1,"column":24}},"loc":{"start":{"line":1,"column":38},"end":{"line":4,"column":1}}}},"branchMap":{"0":{"loc":{"start":{"line":2,"column":4},"end":{"line":2,"column":null}},"type":"if","locations":[{"start":{"line":2,"column":4},"end":{"line":2,"column":null}}]}},"s":{"0":1,"1":1,"2":0,"3":4},"f":{"0":1},"b":{"0":[1]}}
}
