TN:
SF:src/index.ts
FN:29,(anonymous_7)
FNF:1
FNH:1
FNDA:1,(anonymous_7)
DA:4,2
DA:5,2
DA:6,2
DA:8,2
DA:13,2
DA:14,0
DA:17,2
DA:19,2
DA:23,2
DA:28,2
DA:29,2
DA:30,1
DA:35,2
LF:13
LH:12
BRDA:13,0,0,0
BRF:1
BRH:0
end_of_record
TN:
SF:src/url/url.controllers.ts
FN:6,getLongDomainController
FN:25,addShortDomainController
FNF:2
FNH:2
FNDA:4,getLongDomainController
FNDA:3,addShortDomainController
DA:2,4
DA:4,4
DA:6,4
DA:7,4
DA:8,4
DA:9,4
DA:11,4
DA:12,2
DA:13,2
DA:15,2
DA:16,2
DA:20,0
DA:21,0
DA:25,4
DA:26,3
DA:27,3
DA:28,3
DA:29,2
DA:30,2
DA:33,1
DA:34,1
LF:21
LH:19
BRDA:11,0,0,2
BRDA:11,0,1,2
BRF:2
BRH:2
end_of_record
TN:
SF:src/url/url.router.ts
FNF:0
FNH:0
DA:5,2
DA:9,2
DA:15,2
DA:20,2
DA:22,2
LF:5
LH:5
BRF:0
BRH:0
end_of_record
TN:
SF:src/url/url.service.ts
FN:11,(anonymous_8)
FN:11,(anonymous_9)
FN:19,(anonymous_10)
FN:23,(anonymous_11)
FN:34,(anonymous_12)
FN:34,(anonymous_13)
FN:37,(anonymous_14)
FN:40,(anonymous_15)
FNF:8
FNH:7
FNDA:2,(anonymous_8)
FNDA:2,(anonymous_9)
FNDA:1,(anonymous_10)
FNDA:1,(anonymous_11)
FNDA:2,(anonymous_12)
FNDA:2,(anonymous_13)
FNDA:2,(anonymous_14)
FNDA:0,(anonymous_15)
DA:6,4
DA:11,4
DA:12,2
DA:16,2
DA:21,1
DA:25,1
DA:26,1
DA:28,0
DA:30,1
DA:32,1
DA:34,4
DA:35,2
DA:36,2
DA:38,2
DA:42,0
DA:46,2
LF:16
LH:14
BRDA:25,0,0,1
BRDA:25,0,1,0
BRF:2
BRH:1
end_of_record
TN:
SF:src/utility/db.ts
FNF:0
FNH:0
DA:1,4
DA:3,4
DA:12,4
LF:3
LH:3
BRF:0
BRH:0
end_of_record
TN:
SF:src/utility/error.ts
FN:1,getErrorMessage
FNF:1
FNH:1
FNDA:1,getErrorMessage
DA:2,1
DA:3,0
DA:5,4
LF:3
LH:2
BRDA:2,0,0,1
BRF:1
BRH:1
end_of_record
